-------------------------------------------------------------------------------
Test set: com.farfarcoder.scm.domain.bamboo.repository.ProjectProjMgmtRepositoryTest
-------------------------------------------------------------------------------
Tests run: 6, Failures: 0, Errors: 1, Skipped: 0, Time elapsed: 2.265 s <<< FAILURE! -- in com.farfarcoder.scm.domain.bamboo.repository.ProjectProjMgmtRepositoryTest
com.farfarcoder.scm.domain.bamboo.repository.ProjectProjMgmtRepositoryTest.findAllOrphanProjMgmt -- Time elapsed: 0.015 s <<< ERROR!
org.hibernate.exception.ConstraintViolationException: 
could not execute statement [Referential integrity constraint violation: "FKFF6YHWRFY3WX9EYUSETR3YLB: PUBLIC.PROJMGMT FOREIGN KEY(BAMBOOKEY) REFERENCES PUBLIC.PROJECT(PROJECT_KEY) ('NULL')"; SQL statement:
insert into public.projmgmt (bamboodesc,bambookey,bambooname,bitbucketdesc,bitbucketkey,bitbucketname,bizdiv,bizmgr,config,createdat,deploymgr,dev,oper,status,updatedat,id) values (?,?,?,?,?,?,?,?,?,?,?,?,?,?,?,default) [23506-232]] [insert into public.projmgmt (bamboodesc,bambookey,bambooname,bitbucketdesc,bitbucketkey,bitbucketname,bizdiv,bizmgr,config,createdat,deploymgr,dev,oper,status,updatedat,id) values (?,?,?,?,?,?,?,?,?,?,?,?,?,?,?,default)]
	at org.hibernate.exception.internal.SQLExceptionTypeDelegate.convert(SQLExceptionTypeDelegate.java:62)
	at org.hibernate.exception.internal.StandardSQLExceptionConverter.convert(StandardSQLExceptionConverter.java:58)
	at org.hibernate.engine.jdbc.spi.SqlExceptionHelper.convert(SqlExceptionHelper.java:108)
	at org.hibernate.engine.jdbc.internal.ResultSetReturnImpl.executeUpdate(ResultSetReturnImpl.java:197)
	at org.hibernate.id.insert.GetGeneratedKeysDelegate.performMutation(GetGeneratedKeysDelegate.java:116)
	at org.hibernate.engine.jdbc.mutation.internal.MutationExecutorSingleNonBatched.performNonBatchedOperations(MutationExecutorSingleNonBatched.java:47)
	at org.hibernate.engine.jdbc.mutation.internal.AbstractMutationExecutor.execute(AbstractMutationExecutor.java:55)
	at org.hibernate.persister.entity.mutation.InsertCoordinatorStandard.doStaticInserts(InsertCoordinatorStandard.java:194)
	at org.hibernate.persister.entity.mutation.InsertCoordinatorStandard.coordinateInsert(InsertCoordinatorStandard.java:132)
	at org.hibernate.persister.entity.mutation.InsertCoordinatorStandard.insert(InsertCoordinatorStandard.java:95)
	at org.hibernate.action.internal.EntityIdentityInsertAction.execute(EntityIdentityInsertAction.java:85)
	at org.hibernate.engine.spi.ActionQueue.execute(ActionQueue.java:682)
	at org.hibernate.engine.spi.ActionQueue.addResolvedEntityInsertAction(ActionQueue.java:293)
	at org.hibernate.engine.spi.ActionQueue.addInsertAction(ActionQueue.java:274)
	at org.hibernate.engine.spi.ActionQueue.addAction(ActionQueue.java:324)
	at org.hibernate.event.internal.AbstractSaveEventListener.addInsertAction(AbstractSaveEventListener.java:393)
	at org.hibernate.event.internal.AbstractSaveEventListener.performSaveOrReplicate(AbstractSaveEventListener.java:307)
	at org.hibernate.event.internal.AbstractSaveEventListener.performSave(AbstractSaveEventListener.java:223)
	at org.hibernate.event.internal.AbstractSaveEventListener.saveWithGeneratedId(AbstractSaveEventListener.java:136)
	at org.hibernate.event.internal.DefaultPersistEventListener.entityIsTransient(DefaultPersistEventListener.java:177)
	at org.hibernate.event.internal.DefaultPersistEventListener.persist(DefaultPersistEventListener.java:95)
	at org.hibernate.event.internal.DefaultPersistEventListener.onPersist(DefaultPersistEventListener.java:79)
	at org.hibernate.event.internal.DefaultPersistEventListener.onPersist(DefaultPersistEventListener.java:55)
	at org.hibernate.event.service.internal.EventListenerGroupImpl.fireEventOnEachListener(EventListenerGroupImpl.java:127)
	at org.hibernate.internal.SessionImpl.firePersist(SessionImpl.java:761)
	at org.hibernate.internal.SessionImpl.persist(SessionImpl.java:745)
	at org.springframework.boot.test.autoconfigure.orm.jpa.TestEntityManager.persist(TestEntityManager.java:92)
	at org.springframework.boot.test.autoconfigure.orm.jpa.TestEntityManager.persistAndFlush(TestEntityManager.java:130)
	at com.farfarcoder.scm.domain.bamboo.repository.ProjectProjMgmtRepositoryTest.findAllOrphanProjMgmt(ProjectProjMgmtRepositoryTest.java:105)
	at java.base/java.lang.reflect.Method.invoke(Method.java:569)
	at java.base/java.util.ArrayList.forEach(ArrayList.java:1511)
	at java.base/java.util.ArrayList.forEach(ArrayList.java:1511)
Caused by: org.h2.jdbc.JdbcSQLIntegrityConstraintViolationException: Referential integrity constraint violation: "FKFF6YHWRFY3WX9EYUSETR3YLB: PUBLIC.PROJMGMT FOREIGN KEY(BAMBOOKEY) REFERENCES PUBLIC.PROJECT(PROJECT_KEY) ('NULL')"; SQL statement:
insert into public.projmgmt (bamboodesc,bambookey,bambooname,bitbucketdesc,bitbucketkey,bitbucketname,bizdiv,bizmgr,config,createdat,deploymgr,dev,oper,status,updatedat,id) values (?,?,?,?,?,?,?,?,?,?,?,?,?,?,?,default) [23506-232]
	at org.h2.message.DbException.getJdbcSQLException(DbException.java:520)
	at org.h2.message.DbException.getJdbcSQLException(DbException.java:489)
	at org.h2.message.DbException.get(DbException.java:223)
	at org.h2.message.DbException.get(DbException.java:199)
	at org.h2.constraint.ConstraintReferential.checkRowOwnTable(ConstraintReferential.java:308)
	at org.h2.constraint.ConstraintReferential.checkRow(ConstraintReferential.java:249)
	at org.h2.table.Table.fireConstraints(Table.java:1227)
	at org.h2.table.Table.fireAfterRow(Table.java:1245)
	at org.h2.command.dml.Insert.insertRows(Insert.java:188)
	at org.h2.command.dml.Insert.update(Insert.java:135)
	at org.h2.command.CommandContainer.executeUpdateWithGeneratedKeys(CommandContainer.java:212)
	at org.h2.command.CommandContainer.update(CommandContainer.java:133)
	at org.h2.command.Command.executeUpdate(Command.java:304)
	at org.h2.command.Command.executeUpdate(Command.java:248)
	at org.h2.jdbc.JdbcPreparedStatement.executeUpdateInternal(JdbcPreparedStatement.java:213)
	at org.h2.jdbc.JdbcPreparedStatement.executeUpdate(JdbcPreparedStatement.java:172)
	at org.hibernate.engine.jdbc.internal.ResultSetReturnImpl.executeUpdate(ResultSetReturnImpl.java:194)
	... 28 more

