<?xml version="1.0" encoding="UTF-8"?>
<testsuite xmlns:xsi="http://www.w3.org/2001/XMLSchema-instance" xsi:noNamespaceSchemaLocation="https://maven.apache.org/surefire/maven-surefire-plugin/xsd/surefire-test-report-3.0.xsd" version="3.0" name="com.farfarcoder.scm.domain.bamboo.service.ProjectProjMgmtServiceTest" time="0.171" tests="8" errors="0" skipped="0" failures="0">
  <properties>
[...]
</properties>
  <testcase name="findProjectWithProjMgmtByBambooKey_Success" classname="com.farfarcoder.scm.domain.bamboo.service.ProjectProjMgmtServiceTest" time="0.156"/>
  <testcase name="findProjectWithProjMgmtByBambooKey_NotFound" classname="com.farfarcoder.scm.domain.bamboo.service.ProjectProjMgmtServiceTest" time="0.002"/>
  <testcase name="findProjectWithProjMgmtByProjectKey_NotFound" classname="com.farfarcoder.scm.domain.bamboo.service.ProjectProjMgmtServiceTest" time="0.002"/>
  <testcase name="findAllProjectsWithProjMgmt_EmptyResult" classname="com.farfarcoder.scm.domain.bamboo.service.ProjectProjMgmtServiceTest" time="0.002"/>
  <testcase name="findProjectWithProjMgmtByProjectKey_NullParameter" classname="com.farfarcoder.scm.domain.bamboo.service.ProjectProjMgmtServiceTest" time="0.001"/>
  <testcase name="findProjectWithProjMgmtByBambooKey_NullParameter" classname="com.farfarcoder.scm.domain.bamboo.service.ProjectProjMgmtServiceTest" time="0.002"/>
  <testcase name="findAllProjectsWithProjMgmt_Success" classname="com.farfarcoder.scm.domain.bamboo.service.ProjectProjMgmtServiceTest" time="0.002"/>
  <testcase name="findProjectWithProjMgmtByProjectKey_Success" classname="com.farfarcoder.scm.domain.bamboo.service.ProjectProjMgmtServiceTest" time="0.002"/>
</testsuite>