<?xml version="1.0" encoding="UTF-8"?>
<testsuite xmlns:xsi="http://www.w3.org/2001/XMLSchema-instance" xsi:noNamespaceSchemaLocation="https://maven.apache.org/surefire/maven-surefire-plugin/xsd/surefire-test-report-3.0.xsd" version="3.0" name="com.farfarcoder.scm.domain.bamboo.repository.ProjectProjMgmtRepositoryTest" time="2.045" tests="5" errors="0" skipped="0" failures="0">
  <properties>
[...]
</properties>
  <testcase name="findProjectWithProjMgmtByProjectKey_NoMapping" classname="com.farfarcoder.scm.domain.bamboo.repository.ProjectProjMgmtRepositoryTest" time="0.313">
    <system-out><![CDATA[14:56:15.565 [main] INFO org.springframework.test.context.support.AnnotationConfigContextLoaderUtils -- Could not detect default configuration classes for test class [com.farfarcoder.scm.domain.bamboo.repository.ProjectProjMgmtRepositoryTest]: ProjectProjMgmtRepositoryTest does not declare any static, non-private, non-final, nested classes annotated with @Configuration.
14:56:15.629 [main] INFO org.springframework.boot.test.context.SpringBootTestContextBootstrapper -- Found @SpringBootConfiguration com.farfarcoder.ScmApplication for test class com.farfarcoder.scm.domain.bamboo.repository.ProjectProjMgmtRepositoryTest
14:56:15.666 [main] INFO org.springframework.boot.devtools.restart.RestartApplicationListener -- Restart disabled due to context in which it is running

  .   ____          _            __ _ _
 /\\ / ___'_ __ _ _(_)_ __  __ _ \ \ \ \
( ( )\___ | '_ | '_| | '_ \/ _` | \ \ \ \
 \\/  ___)| |_)| | | | | || (_| |  ) ) ) )
  '  |____| .__|_| |_|_| |_\__, | / / / /
 =========|_|==============|___/=/_/_/_/

 :: Spring Boot ::                (v3.4.0)

2025-09-01T14:56:15.821+09:00  INFO 10408 --- [           main] .f.s.d.b.r.ProjectProjMgmtRepositoryTest : Starting ProjectProjMgmtRepositoryTest using Java 17.0.13 with PID 10408 (started by milk in /Users/milk/workspace/boilerplate-maven/scm-api)
2025-09-01T14:56:15.822+09:00  INFO 10408 --- [           main] .f.s.d.b.r.ProjectProjMgmtRepositoryTest : The following 1 profile is active: "test"
2025-09-01T14:56:15.970+09:00  INFO 10408 --- [           main] .s.d.r.c.RepositoryConfigurationDelegate : Bootstrapping Spring Data JPA repositories in DEFAULT mode.
2025-09-01T14:56:16.001+09:00  INFO 10408 --- [           main] .s.d.r.c.RepositoryConfigurationDelegate : Finished Spring Data repository scanning in 26 ms. Found 4 JPA repository interfaces.
2025-09-01T14:56:16.026+09:00  INFO 10408 --- [           main] beddedDataSourceBeanFactoryPostProcessor : Replacing 'dataSource' DataSource bean with embedded version
2025-09-01T14:56:16.092+09:00  INFO 10408 --- [           main] o.s.j.d.e.EmbeddedDatabaseFactory        : Starting embedded database: url='jdbc:h2:mem:9b83da27-d4e0-4641-b7e7-4ad335d6e957;DB_CLOSE_DELAY=-1;DB_CLOSE_ON_EXIT=false', username='sa'
2025-09-01T14:56:16.204+09:00  INFO 10408 --- [           main] o.hibernate.jpa.internal.util.LogHelper  : HHH000204: Processing PersistenceUnitInfo [name: default]
2025-09-01T14:56:16.232+09:00  INFO 10408 --- [           main] org.hibernate.Version                    : HHH000412: Hibernate ORM core version 6.6.2.Final
2025-09-01T14:56:16.253+09:00  INFO 10408 --- [           main] o.h.c.internal.RegionFactoryInitiator    : HHH000026: Second-level cache disabled
2025-09-01T14:56:16.370+09:00  INFO 10408 --- [           main] o.s.o.j.p.SpringPersistenceUnitInfo      : No LoadTimeWeaver setup: ignoring JPA class transformer
2025-09-01T14:56:16.410+09:00  INFO 10408 --- [           main] org.hibernate.orm.connections.pooling    : HHH10001005: Database info:
	Database JDBC URL [Connecting through datasource 'org.springframework.jdbc.datasource.embedded.EmbeddedDatabaseFactory$EmbeddedDataSourceProxy@1fcaea93']
	Database driver: undefined/unknown
	Database version: 2.3.232
	Autocommit mode: undefined/unknown
	Isolation level: undefined/unknown
	Minimum pool size: undefined/unknown
	Maximum pool size: undefined/unknown
2025-09-01T14:56:16.778+09:00  INFO 10408 --- [           main] o.h.e.t.j.p.i.JtaPlatformInitiator       : HHH000489: No JTA platform available (set 'hibernate.transaction.jta.platform' to enable JTA platform integration)
2025-09-01T14:56:16.784+09:00 DEBUG 10408 --- [           main] org.hibernate.SQL                        : 
    drop table if exists public.build cascade 
Hibernate: 
    drop table if exists public.build cascade 
2025-09-01T14:56:16.785+09:00 DEBUG 10408 --- [           main] org.hibernate.SQL                        : 
    drop table if exists public.project cascade 
Hibernate: 
    drop table if exists public.project cascade 
2025-09-01T14:56:16.786+09:00 DEBUG 10408 --- [           main] org.hibernate.SQL                        : 
    drop table if exists public.projmgmt cascade 
Hibernate: 
    drop table if exists public.projmgmt cascade 
2025-09-01T14:56:16.788+09:00 DEBUG 10408 --- [           main] org.hibernate.SQL                        : 
    create table public.build (
        build_id bigint generated by default as identity,
        created_at timestamp(6) with time zone,
        project_id bigint,
        updated_at timestamp(6) with time zone,
        build_title varchar(255),
        build_type varchar(255),
        primary key (build_id)
    )
Hibernate: 
    create table public.build (
        build_id bigint generated by default as identity,
        created_at timestamp(6) with time zone,
        project_id bigint,
        updated_at timestamp(6) with time zone,
        build_title varchar(255),
        build_type varchar(255),
        primary key (build_id)
    )
2025-09-01T14:56:16.792+09:00 DEBUG 10408 --- [           main] org.hibernate.SQL                        : 
    create table public.project (
        project_id bigint generated by default as identity,
        description varchar(255),
        project_key varchar(255) unique,
        title varchar(255),
        primary key (project_id)
    )
Hibernate: 
    create table public.project (
        project_id bigint generated by default as identity,
        description varchar(255),
        project_key varchar(255) unique,
        title varchar(255),
        primary key (project_id)
    )
2025-09-01T14:56:16.793+09:00 DEBUG 10408 --- [           main] org.hibernate.SQL                        : 
    create table public.projmgmt (
        createdat timestamp(6) with time zone,
        id bigint generated by default as identity,
        updatedat timestamp(6) with time zone,
        bamboodesc varchar(255),
        bambookey varchar(255),
        bambooname varchar(255),
        bitbucketdesc varchar(255),
        bitbucketkey varchar(255),
        bitbucketname varchar(255),
        bizdiv varchar(255),
        bizmgr varchar(255),
        config varchar(255),
        deploymgr varchar(255),
        dev varchar(255),
        oper varchar(255),
        status varchar(255),
        primary key (id)
    )
Hibernate: 
    create table public.projmgmt (
        createdat timestamp(6) with time zone,
        id bigint generated by default as identity,
        updatedat timestamp(6) with time zone,
        bamboodesc varchar(255),
        bambookey varchar(255),
        bambooname varchar(255),
        bitbucketdesc varchar(255),
        bitbucketkey varchar(255),
        bitbucketname varchar(255),
        bizdiv varchar(255),
        bizmgr varchar(255),
        config varchar(255),
        deploymgr varchar(255),
        dev varchar(255),
        oper varchar(255),
        status varchar(255),
        primary key (id)
    )
2025-09-01T14:56:16.794+09:00 DEBUG 10408 --- [           main] org.hibernate.SQL                        : 
    alter table if exists public.build 
       add constraint FK54gngpyfvuk6h9p17d25e404m 
       foreign key (project_id) 
       references public.project
Hibernate: 
    alter table if exists public.build 
       add constraint FK54gngpyfvuk6h9p17d25e404m 
       foreign key (project_id) 
       references public.project
2025-09-01T14:56:16.799+09:00 DEBUG 10408 --- [           main] org.hibernate.SQL                        : 
    alter table if exists public.projmgmt 
       add constraint FKff6yhwrfy3wx9eyusetr3ylb 
       foreign key (bambookey) 
       references public.project (project_key)
Hibernate: 
    alter table if exists public.projmgmt 
       add constraint FKff6yhwrfy3wx9eyusetr3ylb 
       foreign key (bambookey) 
       references public.project (project_key)
2025-09-01T14:56:16.801+09:00  INFO 10408 --- [           main] j.LocalContainerEntityManagerFactoryBean : Initialized JPA EntityManagerFactory for persistence unit 'default'
2025-09-01T14:56:16.905+09:00  INFO 10408 --- [           main] o.s.d.j.r.query.QueryEnhancerFactory     : Hibernate is in classpath; If applicable, HQL parser will be used.
2025-09-01T14:56:17.165+09:00  INFO 10408 --- [           main] .f.s.d.b.r.ProjectProjMgmtRepositoryTest : Started ProjectProjMgmtRepositoryTest in 1.503 seconds (process running for 1.922)
2025-09-01T14:56:17.417+09:00 DEBUG 10408 --- [           main] org.hibernate.SQL                        : 
    insert 
    into
        public.project
        (description, project_key, title, project_id) 
    values
        (?, ?, ?, default)
Hibernate: 
    insert 
    into
        public.project
        (description, project_key, title, project_id) 
    values
        (?, ?, ?, default)
2025-09-01T14:56:17.451+09:00 DEBUG 10408 --- [           main] org.hibernate.SQL                        : 
    SELECT
        p.* 
    FROM
        PUBLIC.PROJECT p 
    INNER JOIN
        PUBLIC.PROJMGMT pm 
            ON p.project_key = pm.bambookey 
    WHERE
        p.project_key = ?
Hibernate: 
    SELECT
        p.* 
    FROM
        PUBLIC.PROJECT p 
    INNER JOIN
        PUBLIC.PROJMGMT pm 
            ON p.project_key = pm.bambookey 
    WHERE
        p.project_key = ?
]]></system-out>
  </testcase>
  <testcase name="findProjectWithProjMgmtByBambooKey_Success" classname="com.farfarcoder.scm.domain.bamboo.repository.ProjectProjMgmtRepositoryTest" time="0.016">
    <system-out><![CDATA[2025-09-01T14:56:17.483+09:00 DEBUG 10408 --- [           main] org.hibernate.SQL                        : 
    insert 
    into
        public.project
        (description, project_key, title, project_id) 
    values
        (?, ?, ?, default)
Hibernate: 
    insert 
    into
        public.project
        (description, project_key, title, project_id) 
    values
        (?, ?, ?, default)
2025-09-01T14:56:17.484+09:00 DEBUG 10408 --- [           main] org.hibernate.SQL                        : 
    insert 
    into
        public.projmgmt
        (bamboodesc, bambookey, bambooname, bitbucketdesc, bitbucketkey, bitbucketname, bizdiv, bizmgr, config, createdat, deploymgr, dev, oper, status, updatedat, id) 
    values
        (?, ?, ?, ?, ?, ?, ?, ?, ?, ?, ?, ?, ?, ?, ?, default)
Hibernate: 
    insert 
    into
        public.projmgmt
        (bamboodesc, bambookey, bambooname, bitbucketdesc, bitbucketkey, bitbucketname, bizdiv, bizmgr, config, createdat, deploymgr, dev, oper, status, updatedat, id) 
    values
        (?, ?, ?, ?, ?, ?, ?, ?, ?, ?, ?, ?, ?, ?, ?, default)
2025-09-01T14:56:17.488+09:00 DEBUG 10408 --- [           main] org.hibernate.SQL                        : 
    SELECT
        p.* 
    FROM
        PUBLIC.PROJECT p 
    INNER JOIN
        PUBLIC.PROJMGMT pm 
            ON p.project_key = pm.bambookey 
    WHERE
        pm.bambookey = ?
Hibernate: 
    SELECT
        p.* 
    FROM
        PUBLIC.PROJECT p 
    INNER JOIN
        PUBLIC.PROJMGMT pm 
            ON p.project_key = pm.bambookey 
    WHERE
        pm.bambookey = ?
2025-09-01T14:56:17.492+09:00 DEBUG 10408 --- [           main] org.hibernate.SQL                        : 
    select
        pme1_0.id,
        pme1_0.bamboodesc,
        pme1_0.bambookey,
        pme1_0.bambooname,
        pme1_0.bitbucketdesc,
        pme1_0.bitbucketkey,
        pme1_0.bitbucketname,
        pme1_0.bizdiv,
        pme1_0.bizmgr,
        pme1_0.config,
        pme1_0.createdat,
        pme1_0.deploymgr,
        pme1_0.dev,
        pme1_0.oper,
        pme1_0.status,
        pme1_0.updatedat 
    from
        public.projmgmt pme1_0 
    where
        pme1_0.bambookey=?
Hibernate: 
    select
        pme1_0.id,
        pme1_0.bamboodesc,
        pme1_0.bambookey,
        pme1_0.bambooname,
        pme1_0.bitbucketdesc,
        pme1_0.bitbucketkey,
        pme1_0.bitbucketname,
        pme1_0.bizdiv,
        pme1_0.bizmgr,
        pme1_0.config,
        pme1_0.createdat,
        pme1_0.deploymgr,
        pme1_0.dev,
        pme1_0.oper,
        pme1_0.status,
        pme1_0.updatedat 
    from
        public.projmgmt pme1_0 
    where
        pme1_0.bambookey=?
2025-09-01T14:56:17.493+09:00 DEBUG 10408 --- [           main] org.hibernate.SQL                        : 
    select
        pe1_0.project_id,
        pe1_0.description,
        pe1_0.project_key,
        pe1_0.title 
    from
        public.project pe1_0 
    where
        pe1_0.project_key=?
Hibernate: 
    select
        pe1_0.project_id,
        pe1_0.description,
        pe1_0.project_key,
        pe1_0.title 
    from
        public.project pe1_0 
    where
        pe1_0.project_key=?
]]></system-out>
  </testcase>
  <testcase name="findProjectWithProjMgmtByBambooKey_NotFound" classname="com.farfarcoder.scm.domain.bamboo.repository.ProjectProjMgmtRepositoryTest" time="0.004">
    <system-out><![CDATA[2025-09-01T14:56:17.499+09:00 DEBUG 10408 --- [           main] org.hibernate.SQL                        : 
    SELECT
        p.* 
    FROM
        PUBLIC.PROJECT p 
    INNER JOIN
        PUBLIC.PROJMGMT pm 
            ON p.project_key = pm.bambookey 
    WHERE
        pm.bambookey = ?
Hibernate: 
    SELECT
        p.* 
    FROM
        PUBLIC.PROJECT p 
    INNER JOIN
        PUBLIC.PROJMGMT pm 
            ON p.project_key = pm.bambookey 
    WHERE
        pm.bambookey = ?
]]></system-out>
  </testcase>
  <testcase name="findAllProjectsWithProjMgmt" classname="com.farfarcoder.scm.domain.bamboo.repository.ProjectProjMgmtRepositoryTest" time="0.028">
    <system-out><![CDATA[2025-09-01T14:56:17.502+09:00 DEBUG 10408 --- [           main] org.hibernate.SQL                        : 
    insert 
    into
        public.project
        (description, project_key, title, project_id) 
    values
        (?, ?, ?, default)
Hibernate: 
    insert 
    into
        public.project
        (description, project_key, title, project_id) 
    values
        (?, ?, ?, default)
2025-09-01T14:56:17.504+09:00 DEBUG 10408 --- [           main] org.hibernate.SQL                        : 
    insert 
    into
        public.projmgmt
        (bamboodesc, bambookey, bambooname, bitbucketdesc, bitbucketkey, bitbucketname, bizdiv, bizmgr, config, createdat, deploymgr, dev, oper, status, updatedat, id) 
    values
        (?, ?, ?, ?, ?, ?, ?, ?, ?, ?, ?, ?, ?, ?, ?, default)
Hibernate: 
    insert 
    into
        public.projmgmt
        (bamboodesc, bambookey, bambooname, bitbucketdesc, bitbucketkey, bitbucketname, bizdiv, bizmgr, config, createdat, deploymgr, dev, oper, status, updatedat, id) 
    values
        (?, ?, ?, ?, ?, ?, ?, ?, ?, ?, ?, ?, ?, ?, ?, default)
2025-09-01T14:56:17.504+09:00 DEBUG 10408 --- [           main] org.hibernate.SQL                        : 
    insert 
    into
        public.project
        (description, project_key, title, project_id) 
    values
        (?, ?, ?, default)
Hibernate: 
    insert 
    into
        public.project
        (description, project_key, title, project_id) 
    values
        (?, ?, ?, default)
2025-09-01T14:56:17.505+09:00 DEBUG 10408 --- [           main] org.hibernate.SQL                        : 
    insert 
    into
        public.projmgmt
        (bamboodesc, bambookey, bambooname, bitbucketdesc, bitbucketkey, bitbucketname, bizdiv, bizmgr, config, createdat, deploymgr, dev, oper, status, updatedat, id) 
    values
        (?, ?, ?, ?, ?, ?, ?, ?, ?, ?, ?, ?, ?, ?, ?, default)
Hibernate: 
    insert 
    into
        public.projmgmt
        (bamboodesc, bambookey, bambooname, bitbucketdesc, bitbucketkey, bitbucketname, bizdiv, bizmgr, config, createdat, deploymgr, dev, oper, status, updatedat, id) 
    values
        (?, ?, ?, ?, ?, ?, ?, ?, ?, ?, ?, ?, ?, ?, ?, default)
2025-09-01T14:56:17.506+09:00 DEBUG 10408 --- [           main] org.hibernate.SQL                        : 
    insert 
    into
        public.project
        (description, project_key, title, project_id) 
    values
        (?, ?, ?, default)
Hibernate: 
    insert 
    into
        public.project
        (description, project_key, title, project_id) 
    values
        (?, ?, ?, default)
2025-09-01T14:56:17.523+09:00 DEBUG 10408 --- [           main] org.hibernate.SQL                        : 
    select
        pe1_0.project_id,
        pe1_0.description,
        pm1_0.id,
        pm1_0.bamboodesc,
        pm1_0.bambookey,
        pm1_0.bambooname,
        pm1_0.bitbucketdesc,
        pm1_0.bitbucketkey,
        pm1_0.bitbucketname,
        pm1_0.bizdiv,
        pm1_0.bizmgr,
        pm1_0.config,
        pm1_0.createdat,
        pm1_0.deploymgr,
        pm1_0.dev,
        pm1_0.oper,
        pm1_0.status,
        pm1_0.updatedat,
        pe1_0.project_key,
        pe1_0.title 
    from
        public.project pe1_0 
    join
        public.projmgmt pm1_0 
            on pe1_0.project_key=pm1_0.bambookey
Hibernate: 
    select
        pe1_0.project_id,
        pe1_0.description,
        pm1_0.id,
        pm1_0.bamboodesc,
        pm1_0.bambookey,
        pm1_0.bambooname,
        pm1_0.bitbucketdesc,
        pm1_0.bitbucketkey,
        pm1_0.bitbucketname,
        pm1_0.bizdiv,
        pm1_0.bizmgr,
        pm1_0.config,
        pm1_0.createdat,
        pm1_0.deploymgr,
        pm1_0.dev,
        pm1_0.oper,
        pm1_0.status,
        pm1_0.updatedat,
        pe1_0.project_key,
        pe1_0.title 
    from
        public.project pe1_0 
    join
        public.projmgmt pm1_0 
            on pe1_0.project_key=pm1_0.bambookey
]]></system-out>
  </testcase>
  <testcase name="findProjectWithProjMgmtByProjectKey_Success" classname="com.farfarcoder.scm.domain.bamboo.repository.ProjectProjMgmtRepositoryTest" time="0.005">
    <system-out><![CDATA[2025-09-01T14:56:17.531+09:00 DEBUG 10408 --- [           main] org.hibernate.SQL                        : 
    insert 
    into
        public.project
        (description, project_key, title, project_id) 
    values
        (?, ?, ?, default)
Hibernate: 
    insert 
    into
        public.project
        (description, project_key, title, project_id) 
    values
        (?, ?, ?, default)
2025-09-01T14:56:17.532+09:00 DEBUG 10408 --- [           main] org.hibernate.SQL                        : 
    insert 
    into
        public.projmgmt
        (bamboodesc, bambookey, bambooname, bitbucketdesc, bitbucketkey, bitbucketname, bizdiv, bizmgr, config, createdat, deploymgr, dev, oper, status, updatedat, id) 
    values
        (?, ?, ?, ?, ?, ?, ?, ?, ?, ?, ?, ?, ?, ?, ?, default)
Hibernate: 
    insert 
    into
        public.projmgmt
        (bamboodesc, bambookey, bambooname, bitbucketdesc, bitbucketkey, bitbucketname, bizdiv, bizmgr, config, createdat, deploymgr, dev, oper, status, updatedat, id) 
    values
        (?, ?, ?, ?, ?, ?, ?, ?, ?, ?, ?, ?, ?, ?, ?, default)
2025-09-01T14:56:17.533+09:00 DEBUG 10408 --- [           main] org.hibernate.SQL                        : 
    SELECT
        p.* 
    FROM
        PUBLIC.PROJECT p 
    INNER JOIN
        PUBLIC.PROJMGMT pm 
            ON p.project_key = pm.bambookey 
    WHERE
        p.project_key = ?
Hibernate: 
    SELECT
        p.* 
    FROM
        PUBLIC.PROJECT p 
    INNER JOIN
        PUBLIC.PROJMGMT pm 
            ON p.project_key = pm.bambookey 
    WHERE
        p.project_key = ?
2025-09-01T14:56:17.533+09:00 DEBUG 10408 --- [           main] org.hibernate.SQL                        : 
    select
        pme1_0.id,
        pme1_0.bamboodesc,
        pme1_0.bambookey,
        pme1_0.bambooname,
        pme1_0.bitbucketdesc,
        pme1_0.bitbucketkey,
        pme1_0.bitbucketname,
        pme1_0.bizdiv,
        pme1_0.bizmgr,
        pme1_0.config,
        pme1_0.createdat,
        pme1_0.deploymgr,
        pme1_0.dev,
        pme1_0.oper,
        pme1_0.status,
        pme1_0.updatedat 
    from
        public.projmgmt pme1_0 
    where
        pme1_0.bambookey=?
Hibernate: 
    select
        pme1_0.id,
        pme1_0.bamboodesc,
        pme1_0.bambookey,
        pme1_0.bambooname,
        pme1_0.bitbucketdesc,
        pme1_0.bitbucketkey,
        pme1_0.bitbucketname,
        pme1_0.bizdiv,
        pme1_0.bizmgr,
        pme1_0.config,
        pme1_0.createdat,
        pme1_0.deploymgr,
        pme1_0.dev,
        pme1_0.oper,
        pme1_0.status,
        pme1_0.updatedat 
    from
        public.projmgmt pme1_0 
    where
        pme1_0.bambookey=?
2025-09-01T14:56:17.534+09:00 DEBUG 10408 --- [           main] org.hibernate.SQL                        : 
    select
        pe1_0.project_id,
        pe1_0.description,
        pe1_0.project_key,
        pe1_0.title 
    from
        public.project pe1_0 
    where
        pe1_0.project_key=?
Hibernate: 
    select
        pe1_0.project_id,
        pe1_0.description,
        pe1_0.project_key,
        pe1_0.title 
    from
        public.project pe1_0 
    where
        pe1_0.project_key=?
]]></system-out>
  </testcase>
</testsuite>